[debug] [2023-04-09T12:08:14.087Z] ----------------------------------------------------------------------
[debug] [2023-04-09T12:08:14.088Z] Command:       C:\Program Files\nodejs\node.exe C:\Users\Zetma\AppData\Roaming\npm\node_modules\firebase-tools\lib\bin\firebase.js init
[debug] [2023-04-09T12:08:14.089Z] CLI Version:   11.25.3
[debug] [2023-04-09T12:08:14.089Z] Platform:      win32
[debug] [2023-04-09T12:08:14.089Z] Node Version:  v18.15.0
[debug] [2023-04-09T12:08:14.090Z] Time:          Sun Apr 09 2023 15:08:14 GMT+0300 (Восточная Европа, летнее время)
[debug] [2023-04-09T12:08:14.090Z] ----------------------------------------------------------------------
[debug] 
[debug] [2023-04-09T12:08:14.096Z] > command requires scopes: ["email","openid","https://www.googleapis.com/auth/cloudplatformprojects.readonly","https://www.googleapis.com/auth/firebase","https://www.googleapis.com/auth/cloud-platform"]
[debug] [2023-04-09T12:08:14.097Z] > authorizing via signed-in user (brdnk.srh@gmail.com)
[info] 
     ######## #### ########  ######## ########     ###     ######  ########
     ##        ##  ##     ## ##       ##     ##  ##   ##  ##       ##
     ######    ##  ########  ######   ########  #########  ######  ######
     ##        ##  ##    ##  ##       ##     ## ##     ##       ## ##
     ##       #### ##     ## ######## ########  ##     ##  ######  ########

You're about to initialize a Firebase project in this directory:

  C:\web\pets-app

Before we get started, keep in mind:

  * You are currently outside your home directory

